d:\study\forcpp\informatics\yaziki_i_metodi\c\vector_templates\x64\debug\vc143.pdb
d:\study\forcpp\informatics\yaziki_i_metodi\c\vector_templates\x64\debug\vc143.idb
d:\study\forcpp\informatics\yaziki_i_metodi\c\vector_templates\x64\debug\exceptions.obj
d:\study\forcpp\informatics\yaziki_i_metodi\c\vector_templates\x64\debug\main.obj
d:\study\forcpp\informatics\yaziki_i_metodi\c\vector_templates\x64\debug\vector_templates.pdb
d:\study\forcpp\informatics\yaziki_i_metodi\c\vector_templates\x64\debug\vector_templates.tlog\cl.command.1.tlog
d:\study\forcpp\informatics\yaziki_i_metodi\c\vector_templates\x64\debug\vector_templates.tlog\cl.read.1.tlog
d:\study\forcpp\informatics\yaziki_i_metodi\c\vector_templates\x64\debug\vector_templates.tlog\cl.write.1.tlog
d:\study\forcpp\informatics\yaziki_i_metodi\c\vector_templates\x64\debug\vector_templates.tlog\link-cvtres.read.1.tlog
d:\study\forcpp\informatics\yaziki_i_metodi\c\vector_templates\x64\debug\vector_templates.tlog\link-cvtres.write.1.tlog
d:\study\forcpp\informatics\yaziki_i_metodi\c\vector_templates\x64\debug\vector_templates.tlog\link-rc.read.1.tlog
d:\study\forcpp\informatics\yaziki_i_metodi\c\vector_templates\x64\debug\vector_templates.tlog\link-rc.write.1.tlog
d:\study\forcpp\informatics\yaziki_i_metodi\c\vector_templates\x64\debug\vector_templates.tlog\link.16116-cvtres.read.1.tlog
d:\study\forcpp\informatics\yaziki_i_metodi\c\vector_templates\x64\debug\vector_templates.tlog\link.16116-cvtres.write.1.tlog
d:\study\forcpp\informatics\yaziki_i_metodi\c\vector_templates\x64\debug\vector_templates.tlog\link.16116-rc.read.1.tlog
d:\study\forcpp\informatics\yaziki_i_metodi\c\vector_templates\x64\debug\vector_templates.tlog\link.16116-rc.write.1.tlog
d:\study\forcpp\informatics\yaziki_i_metodi\c\vector_templates\x64\debug\vector_templates.tlog\link.16116.read.1.tlog
d:\study\forcpp\informatics\yaziki_i_metodi\c\vector_templates\x64\debug\vector_templates.tlog\link.16116.read.2.tlog
d:\study\forcpp\informatics\yaziki_i_metodi\c\vector_templates\x64\debug\vector_templates.tlog\link.16116.write.1.tlog
d:\study\forcpp\informatics\yaziki_i_metodi\c\vector_templates\x64\debug\vector_templates.tlog\link.command.1.tlog
d:\study\forcpp\informatics\yaziki_i_metodi\c\vector_templates\x64\debug\vector_templates.tlog\link.read.1.tlog
d:\study\forcpp\informatics\yaziki_i_metodi\c\vector_templates\x64\debug\vector_templates.tlog\link.read.2.tlog
d:\study\forcpp\informatics\yaziki_i_metodi\c\vector_templates\x64\debug\vector_templates.tlog\link.write.1.tlog
